<?xml version="1.0" encoding="UTF-8"?>
<!-- Generated by org.testng.reporters.JUnitReportReporter -->
<testsuite hostname="LIN24004731" failures="0" tests="3" name="testrunner" time="94.867" errors="0" timestamp="2021-08-11T23:22:51 IST" skipped="0">
  <testcase classname="testrunner" name="runScenario" time="25.758"/>
  <system-out/>
  <testcase classname="testrunner" name="runScenario" time="39.503"/>
  <system-out/>
  <testcase classname="testrunner" name="runScenario" time="29.606"/>
  <system-out/>
</testsuite> <!-- testrunner -->
